This file contains any messages produced by compilers while
running configure, to aid debugging if configure makes a mistake.

It was created by meme configure 1, which was
generated by GNU Autoconf 2.69.  Invocation command line was

  $ ../configure 

## --------- ##
## Platform. ##
## --------- ##

hostname = luiserebii
uname -m = x86_64
uname -r = 4.4.0-176-generic
uname -s = Linux
uname -v = #206-Ubuntu SMP Fri Feb 28 05:02:04 UTC 2020

/usr/bin/uname -p = unknown
/bin/uname -X     = unknown

/bin/arch              = unknown
/usr/bin/arch -k       = unknown
/usr/convex/getsysinfo = unknown
/usr/bin/hostinfo      = unknown
/bin/machine           = unknown
/usr/bin/oslevel       = unknown
/bin/universe          = unknown

PATH: /home/luiserebii/bin
PATH: /usr/local/sbin
PATH: /usr/local/bin
PATH: /usr/sbin
PATH: /usr/bin
PATH: /sbin
PATH: /bin
PATH: /usr/games
PATH: /usr/local/games
PATH: /snap/bin
PATH: /usr/lib/jvm/java-8-oracle/bin
PATH: /usr/lib/jvm/java-8-oracle/db/bin
PATH: /usr/lib/jvm/java-8-oracle/jre/bin
PATH: /usr/lib/jvm/java-8-oracle/jre/bin
PATH: /usr/lib/jvm/java-8-oracle/bin
PATH: /home/luiserebii/go/bin


## ----------- ##
## Core tests. ##
## ----------- ##

configure:2091: checking for a BSD-compatible install
configure:2159: result: /usr/bin/install -c
configure:2170: checking whether build environment is sane
configure:2225: result: yes
configure:2376: checking for a thread-safe mkdir -p
configure:2415: result: /bin/mkdir -p
configure:2422: checking for gawk
configure:2438: found /usr/bin/gawk
configure:2449: result: gawk
configure:2460: checking whether make sets $(MAKE)
configure:2482: result: yes
configure:2511: checking whether make supports nested variables
configure:2528: result: yes
configure:2702: checking for gcc
configure:2718: found /usr/bin/gcc
configure:2729: result: gcc
configure:2958: checking for C compiler version
configure:2967: gcc --version >&5
gcc (Ubuntu 5.4.0-6ubuntu1~16.04.12) 5.4.0 20160609
Copyright (C) 2015 Free Software Foundation, Inc.
This is free software; see the source for copying conditions.  There is NO
warranty; not even for MERCHANTABILITY or FITNESS FOR A PARTICULAR PURPOSE.

configure:2978: $? = 0
configure:2967: gcc -v >&5
Using built-in specs.
COLLECT_GCC=gcc
COLLECT_LTO_WRAPPER=/usr/lib/gcc/x86_64-linux-gnu/5/lto-wrapper
Target: x86_64-linux-gnu
Configured with: ../src/configure -v --with-pkgversion='Ubuntu 5.4.0-6ubuntu1~16.04.12' --with-bugurl=file:///usr/share/doc/gcc-5/README.Bugs --enable-languages=c,ada,c++,java,go,d,fortran,objc,obj-c++ --prefix=/usr --program-suffix=-5 --enable-shared --enable-linker-build-id --libexecdir=/usr/lib --without-included-gettext --enable-threads=posix --libdir=/usr/lib --enable-nls --with-sysroot=/ --enable-clocale=gnu --enable-libstdcxx-debug --enable-libstdcxx-time=yes --with-default-libstdcxx-abi=new --enable-gnu-unique-object --disable-vtable-verify --enable-libmpx --enable-plugin --with-system-zlib --disable-browser-plugin --enable-java-awt=gtk --enable-gtk-cairo --with-java-home=/usr/lib/jvm/java-1.5.0-gcj-5-amd64/jre --enable-java-home --with-jvm-root-dir=/usr/lib/jvm/java-1.5.0-gcj-5-amd64 --with-jvm-jar-dir=/usr/lib/jvm-exports/java-1.5.0-gcj-5-amd64 --with-arch-directory=amd64 --with-ecj-jar=/usr/share/java/eclipse-ecj.jar --enable-objc-gc --enable-multiarch --disable-werror --with-arch-32=i686 --with-abi=m64 --with-multilib-list=m32,m64,mx32 --enable-multilib --with-tune=generic --enable-checking=release --build=x86_64-linux-gnu --host=x86_64-linux-gnu --target=x86_64-linux-gnu
Thread model: posix
gcc version 5.4.0 20160609 (Ubuntu 5.4.0-6ubuntu1~16.04.12) 
configure:2978: $? = 0
configure:2967: gcc -V >&5
gcc: error: unrecognized command line option '-V'
gcc: fatal error: no input files
compilation terminated.
configure:2978: $? = 1
configure:2967: gcc -qversion >&5
gcc: error: unrecognized command line option '-qversion'
gcc: fatal error: no input files
compilation terminated.
configure:2978: $? = 1
configure:2998: checking whether the C compiler works
configure:3020: gcc    conftest.c  >&5
configure:3024: $? = 0
configure:3072: result: yes
configure:3075: checking for C compiler default output file name
configure:3077: result: a.out
configure:3083: checking for suffix of executables
configure:3090: gcc -o conftest    conftest.c  >&5
configure:3094: $? = 0
configure:3116: result: 
configure:3138: checking whether we are cross compiling
configure:3146: gcc -o conftest    conftest.c  >&5
configure:3150: $? = 0
configure:3157: ./conftest
configure:3161: $? = 0
configure:3176: result: no
configure:3181: checking for suffix of object files
configure:3203: gcc -c   conftest.c >&5
configure:3207: $? = 0
configure:3228: result: o
configure:3232: checking whether we are using the GNU C compiler
configure:3251: gcc -c   conftest.c >&5
configure:3251: $? = 0
configure:3260: result: yes
configure:3269: checking whether gcc accepts -g
configure:3289: gcc -c -g  conftest.c >&5
configure:3289: $? = 0
configure:3330: result: yes
configure:3347: checking for gcc option to accept ISO C89
configure:3410: gcc  -c -g -O2  conftest.c >&5
configure:3410: $? = 0
configure:3423: result: none needed
configure:3448: checking whether gcc understands -c and -o together
configure:3470: gcc -c conftest.c -o conftest2.o
configure:3473: $? = 0
configure:3470: gcc -c conftest.c -o conftest2.o
configure:3473: $? = 0
configure:3485: result: yes
configure:3513: checking for style of include used by make
configure:3541: result: GNU
configure:3567: checking dependency style of gcc
configure:3678: result: gcc3
configure:3703: checking how to run the C preprocessor
configure:3734: gcc -E  conftest.c
configure:3734: $? = 0
configure:3748: gcc -E  conftest.c
conftest.c:11:28: fatal error: ac_nonexistent.h: No such file or directory
compilation terminated.
configure:3748: $? = 1
configure: failed program was:
| /* confdefs.h */
| #define PACKAGE_NAME "meme"
| #define PACKAGE_TARNAME "meme"
| #define PACKAGE_VERSION "1"
| #define PACKAGE_STRING "meme 1"
| #define PACKAGE_BUGREPORT "owo@owo.io"
| #define PACKAGE_URL ""
| #define PACKAGE "meme"
| #define VERSION "1"
| /* end confdefs.h.  */
| #include <ac_nonexistent.h>
configure:3773: result: gcc -E
configure:3793: gcc -E  conftest.c
configure:3793: $? = 0
configure:3807: gcc -E  conftest.c
conftest.c:11:28: fatal error: ac_nonexistent.h: No such file or directory
compilation terminated.
configure:3807: $? = 1
configure: failed program was:
| /* confdefs.h */
| #define PACKAGE_NAME "meme"
| #define PACKAGE_TARNAME "meme"
| #define PACKAGE_VERSION "1"
| #define PACKAGE_STRING "meme 1"
| #define PACKAGE_BUGREPORT "owo@owo.io"
| #define PACKAGE_URL ""
| #define PACKAGE "meme"
| #define VERSION "1"
| /* end confdefs.h.  */
| #include <ac_nonexistent.h>
configure:3836: checking for grep that handles long lines and -e
configure:3894: result: /bin/grep
configure:3899: checking for egrep
configure:3961: result: /bin/grep -E
configure:3966: checking for ANSI C header files
configure:3986: gcc -c -g -O2  conftest.c >&5
configure:3986: $? = 0
configure:4059: gcc -o conftest -g -O2   conftest.c  >&5
configure:4059: $? = 0
configure:4059: ./conftest
configure:4059: $? = 0
configure:4070: result: yes
configure:4083: checking for sys/types.h
configure:4083: gcc -c -g -O2  conftest.c >&5
configure:4083: $? = 0
configure:4083: result: yes
configure:4083: checking for sys/stat.h
configure:4083: gcc -c -g -O2  conftest.c >&5
configure:4083: $? = 0
configure:4083: result: yes
configure:4083: checking for stdlib.h
configure:4083: gcc -c -g -O2  conftest.c >&5
configure:4083: $? = 0
configure:4083: result: yes
configure:4083: checking for string.h
configure:4083: gcc -c -g -O2  conftest.c >&5
configure:4083: $? = 0
configure:4083: result: yes
configure:4083: checking for memory.h
configure:4083: gcc -c -g -O2  conftest.c >&5
configure:4083: $? = 0
configure:4083: result: yes
configure:4083: checking for strings.h
configure:4083: gcc -c -g -O2  conftest.c >&5
configure:4083: $? = 0
configure:4083: result: yes
configure:4083: checking for inttypes.h
configure:4083: gcc -c -g -O2  conftest.c >&5
configure:4083: $? = 0
configure:4083: result: yes
configure:4083: checking for stdint.h
configure:4083: gcc -c -g -O2  conftest.c >&5
configure:4083: $? = 0
configure:4083: result: yes
configure:4083: checking for unistd.h
configure:4083: gcc -c -g -O2  conftest.c >&5
configure:4083: $? = 0
configure:4083: result: yes
configure:4097: checking for stdlib.h
configure:4097: result: yes
configure:4223: checking that generated files are newer than configure
configure:4229: result: done
configure:4252: creating ./config.status

## ---------------------- ##
## Running config.status. ##
## ---------------------- ##

This file was extended by meme config.status 1, which was
generated by GNU Autoconf 2.69.  Invocation command line was

  CONFIG_FILES    = 
  CONFIG_HEADERS  = 
  CONFIG_LINKS    = 
  CONFIG_COMMANDS = 
  $ ./config.status 

on luiserebii

config.status:854: creating Makefile
config.status:854: creating config.h
config.status:1068: executing depfiles commands

## ---------------- ##
## Cache variables. ##
## ---------------- ##

ac_cv_c_compiler_gnu=yes
ac_cv_env_CC_set=
ac_cv_env_CC_value=
ac_cv_env_CFLAGS_set=
ac_cv_env_CFLAGS_value=
ac_cv_env_CPPFLAGS_set=
ac_cv_env_CPPFLAGS_value=
ac_cv_env_CPP_set=
ac_cv_env_CPP_value=
ac_cv_env_LDFLAGS_set=
ac_cv_env_LDFLAGS_value=
ac_cv_env_LIBS_set=
ac_cv_env_LIBS_value=
ac_cv_env_build_alias_set=
ac_cv_env_build_alias_value=
ac_cv_env_host_alias_set=
ac_cv_env_host_alias_value=
ac_cv_env_target_alias_set=
ac_cv_env_target_alias_value=
ac_cv_header_inttypes_h=yes
ac_cv_header_memory_h=yes
ac_cv_header_stdc=yes
ac_cv_header_stdint_h=yes
ac_cv_header_stdlib_h=yes
ac_cv_header_string_h=yes
ac_cv_header_strings_h=yes
ac_cv_header_sys_stat_h=yes
ac_cv_header_sys_types_h=yes
ac_cv_header_unistd_h=yes
ac_cv_objext=o
ac_cv_path_EGREP='/bin/grep -E'
ac_cv_path_GREP=/bin/grep
ac_cv_path_install='/usr/bin/install -c'
ac_cv_path_mkdir=/bin/mkdir
ac_cv_prog_AWK=gawk
ac_cv_prog_CPP='gcc -E'
ac_cv_prog_ac_ct_CC=gcc
ac_cv_prog_cc_c89=
ac_cv_prog_cc_g=yes
ac_cv_prog_make_make_set=yes
am_cv_CC_dependencies_compiler_type=gcc3
am_cv_make_support_nested_variables=yes
am_cv_prog_cc_c_o=yes

## ----------------- ##
## Output variables. ##
## ----------------- ##

ACLOCAL='${SHELL} /home/luiserebii/github/C-Memes/autotools/sum/missing aclocal-1.15'
AMDEPBACKSLASH='\'
AMDEP_FALSE='#'
AMDEP_TRUE=''
AMTAR='$${TAR-tar}'
AM_BACKSLASH='\'
AM_DEFAULT_V='$(AM_DEFAULT_VERBOSITY)'
AM_DEFAULT_VERBOSITY='1'
AM_V='$(V)'
AUTOCONF='${SHELL} /home/luiserebii/github/C-Memes/autotools/sum/missing autoconf'
AUTOHEADER='${SHELL} /home/luiserebii/github/C-Memes/autotools/sum/missing autoheader'
AUTOMAKE='${SHELL} /home/luiserebii/github/C-Memes/autotools/sum/missing automake-1.15'
AWK='gawk'
CC='gcc'
CCDEPMODE='depmode=gcc3'
CFLAGS='-g -O2'
CPP='gcc -E'
CPPFLAGS=''
CYGPATH_W='echo'
DEFS='-DHAVE_CONFIG_H'
DEPDIR='.deps'
ECHO_C=''
ECHO_N='-n'
ECHO_T=''
EGREP='/bin/grep -E'
EXEEXT=''
GREP='/bin/grep'
INSTALL_DATA='${INSTALL} -m 644'
INSTALL_PROGRAM='${INSTALL}'
INSTALL_SCRIPT='${INSTALL}'
INSTALL_STRIP_PROGRAM='$(install_sh) -c -s'
LDFLAGS=''
LIBOBJS=''
LIBS=''
LTLIBOBJS=''
MAKEINFO='${SHELL} /home/luiserebii/github/C-Memes/autotools/sum/missing makeinfo'
MKDIR_P='/bin/mkdir -p'
OBJEXT='o'
PACKAGE='meme'
PACKAGE_BUGREPORT='owo@owo.io'
PACKAGE_NAME='meme'
PACKAGE_STRING='meme 1'
PACKAGE_TARNAME='meme'
PACKAGE_URL=''
PACKAGE_VERSION='1'
PATH_SEPARATOR=':'
SET_MAKE=''
SHELL='/bin/bash'
STRIP=''
VERSION='1'
ac_ct_CC='gcc'
am__EXEEXT_FALSE=''
am__EXEEXT_TRUE='#'
am__fastdepCC_FALSE='#'
am__fastdepCC_TRUE=''
am__include='include'
am__isrc=' -I$(srcdir)'
am__leading_dot='.'
am__nodep='_no'
am__quote=''
am__tar='$${TAR-tar} chof - "$$tardir"'
am__untar='$${TAR-tar} xf -'
bindir='${exec_prefix}/bin'
build_alias=''
datadir='${datarootdir}'
datarootdir='${prefix}/share'
docdir='${datarootdir}/doc/${PACKAGE_TARNAME}'
dvidir='${docdir}'
exec_prefix='${prefix}'
host_alias=''
htmldir='${docdir}'
includedir='${prefix}/include'
infodir='${datarootdir}/info'
install_sh='${SHELL} /home/luiserebii/github/C-Memes/autotools/sum/install-sh'
libdir='${exec_prefix}/lib'
libexecdir='${exec_prefix}/libexec'
localedir='${datarootdir}/locale'
localstatedir='${prefix}/var'
mandir='${datarootdir}/man'
mkdir_p='$(MKDIR_P)'
oldincludedir='/usr/include'
pdfdir='${docdir}'
prefix='/usr/local'
program_transform_name='s,x,x,'
psdir='${docdir}'
runstatedir='${localstatedir}/run'
sbindir='${exec_prefix}/sbin'
sharedstatedir='${prefix}/com'
sysconfdir='${prefix}/etc'
target_alias=''

## ----------- ##
## confdefs.h. ##
## ----------- ##

/* confdefs.h */
#define PACKAGE_NAME "meme"
#define PACKAGE_TARNAME "meme"
#define PACKAGE_VERSION "1"
#define PACKAGE_STRING "meme 1"
#define PACKAGE_BUGREPORT "owo@owo.io"
#define PACKAGE_URL ""
#define PACKAGE "meme"
#define VERSION "1"
#define STDC_HEADERS 1
#define HAVE_SYS_TYPES_H 1
#define HAVE_SYS_STAT_H 1
#define HAVE_STDLIB_H 1
#define HAVE_STRING_H 1
#define HAVE_MEMORY_H 1
#define HAVE_STRINGS_H 1
#define HAVE_INTTYPES_H 1
#define HAVE_STDINT_H 1
#define HAVE_UNISTD_H 1
#define HAVE_STDLIB_H 1

configure: exit 0
